Building DAG of jobs...
Using shell: /usr/bin/bash
Provided cores: 1 (use --cores to define parallelism)
Rules claiming more threads will be scaled down.
Job stats:
job             count
------------  -------
all                 1
download_sra        1
total               2

Select jobs to execute...
Execute 1 jobs...

[Fri Jun 13 12:00:02 2025]
localrule download_sra:
    output: ../../SRX6800435/SRX6800435
    jobid: 1
    reason: Missing output files: ../../SRX6800435/SRX6800435
    resources: tmpdir=/tmp

RuleException:
NameError in file /data/scratch/projects/punim0559/Trent/xenarthra/C_didactylus/workflows/RNAseq_proc/rnaseq_proc.smk, line 15:
The name 'output' is unknown in this context. Please make sure that you defined that variable. Also note that braces not used for variable access have to be escaped by repeating them, i.e. {{print $1}}
[Fri Jun 13 12:00:02 2025]
Error in rule download_sra:
    jobid: 1
    output: ../../SRX6800435/SRX6800435

Shutting down, this might take some time.
Exiting because a job execution failed. Look above for error message
Complete log: .snakemake/log/2025-06-13T120001.958128.snakemake.log
WorkflowError:
At least one job did not complete successfully.
