Building DAG of jobs...
Using shell: /usr/bin/bash
Provided cores: 1 (use --cores to define parallelism)
Rules claiming more threads will be scaled down.
Job stats:
job                  count
-----------------  -------
all                      1
bowtie2_index            1
download_ncbi_cli        1
fetch_genome             1
unzip_genome             1
total                    5

Select jobs to execute...
Execute 1 jobs...

[Wed Jun 11 18:45:27 2025]
localrule download_ncbi_cli:
    output: ../Snake_download/tools/datasets
    jobid: 4
    reason: Missing output files: ../Snake_download/tools/datasets
    resources: tmpdir=/tmp

[Wed Jun 11 18:45:31 2025]
Finished job 4.
1 of 5 steps (20%) done
Select jobs to execute...
Execute 1 jobs...

[Wed Jun 11 18:45:31 2025]
localrule fetch_genome:
    input: ../Snake_download/tools/datasets
    output: ../ncbi_dataset.zip
    jobid: 3
    reason: Missing output files: ../ncbi_dataset.zip; Input files updated by another job: ../Snake_download/tools/datasets; Set of input files has changed since last execution
    resources: tmpdir=/tmp

[Wed Jun 11 18:48:16 2025]
Finished job 3.
2 of 5 steps (40%) done
Select jobs to execute...
Execute 1 jobs...

[Wed Jun 11 18:48:16 2025]
localrule unzip_genome:
    input: ../ncbi_dataset.zip
    output: ../GCF_030445035.2/extracted.txt
    jobid: 2
    reason: Missing output files: ../GCF_030445035.2/extracted.txt; Input files updated by another job: ../ncbi_dataset.zip
    resources: tmpdir=/tmp

Touching output file ../GCF_030445035.2/extracted.txt.
[Wed Jun 11 18:48:43 2025]
Finished job 2.
3 of 5 steps (60%) done
Select jobs to execute...
Execute 1 jobs...

[Wed Jun 11 18:48:43 2025]
localrule bowtie2_index:
    input: ../GCF_030445035.2/extracted.txt
    output: ../GCF_030445035.2/index_complete.txt
    jobid: 1
    reason: Missing output files: ../GCF_030445035.2/index_complete.txt; Input files updated by another job: ../GCF_030445035.2/extracted.txt
    resources: tmpdir=/tmp

