Building DAG of jobs...
Using shell: /usr/bin/bash
Provided cores: 1 (use --cores to define parallelism)
Rules claiming more threads will be scaled down.
Job stats:
job              count
-------------  -------
all                  1
bowtie2_index        1
fetch_genome         1
hisat2_index         1
unzip_genome         1
total                5

Select jobs to execute...
Execute 1 jobs...

[Thu Jun 12 17:10:46 2025]
localrule fetch_genome:
    input: ../Genome_download/tools/datasets
    output: ../ncbi_dataset.zip
    jobid: 3
    reason: Missing output files: ../ncbi_dataset.zip; Set of input files has changed since last execution; Params have changed since last execution
    resources: tmpdir=/tmp

