Building DAG of jobs...
Using shell: /usr/bin/bash
Provided cores: 1 (use --cores to define parallelism)
Rules claiming more threads will be scaled down.
Job stats:
job              count
-------------  -------
all                  1
bowtie2_index        1
total                2

Select jobs to execute...
Execute 1 jobs...

[Thu Jun 12 10:30:11 2025]
localrule bowtie2_index:
    input: ../GCF_030445035.2/extracted.txt
    output: ../GCF_030445035.2/index_complete.txt
    jobid: 1
    reason: Missing output files: ../GCF_030445035.2/index_complete.txt
    resources: tmpdir=/tmp

[Thu Jun 12 11:43:18 2025]
Finished job 1.
1 of 2 steps (50%) done
Select jobs to execute...
Execute 1 jobs...

[Thu Jun 12 11:43:18 2025]
localrule all:
    input: ../GCF_030445035.2/index_complete.txt
    jobid: 0
    reason: Input files updated by another job: ../GCF_030445035.2/index_complete.txt
    resources: tmpdir=/tmp

[Thu Jun 12 11:43:18 2025]
Finished job 0.
2 of 2 steps (100%) done
Complete log: .snakemake/log/2025-06-12T103008.805273.snakemake.log
