Building DAG of jobs...
Using shell: /usr/bin/bash
Provided cores: 1 (use --cores to define parallelism)
Rules claiming more threads will be scaled down.
Job stats:
job                  count
-----------------  -------
all                      1
bowtie2_index            1
download_ncbi_cli        1
fetch_genome             1
unzip_genome             1
total                    5

Select jobs to execute...
Execute 1 jobs...

[Wed Jun 11 18:25:45 2025]
localrule download_ncbi_cli:
    output: ../datasets
    jobid: 4
    reason: Missing output files: ../datasets
    resources: tmpdir=/tmp

[Wed Jun 11 18:25:58 2025]
Finished job 4.
1 of 5 steps (20%) done
Select jobs to execute...
Execute 1 jobs...

[Wed Jun 11 18:25:58 2025]
localrule fetch_genome:
    input: ../datasets
    output: ../ncbi_dataset.zip
    jobid: 3
    reason: Missing output files: ../ncbi_dataset.zip; Input files updated by another job: ../datasets
    resources: tmpdir=/tmp

[Wed Jun 11 18:28:24 2025]
Finished job 3.
2 of 5 steps (40%) done
Select jobs to execute...
Execute 1 jobs...

[Wed Jun 11 18:28:24 2025]
localrule unzip_genome:
    input: ../ncbi_dataset.zip
    output: ../GCF_030445035.2/extracted.txt
    jobid: 2
    reason: Missing output files: ../GCF_030445035.2/extracted.txt; Input files updated by another job: ../ncbi_dataset.zip
    resources: tmpdir=/tmp

Touching output file ../GCF_030445035.2/extracted.txt.
[Wed Jun 11 18:28:49 2025]
Finished job 2.
3 of 5 steps (60%) done
Select jobs to execute...
Execute 1 jobs...

[Wed Jun 11 18:28:49 2025]
localrule bowtie2_index:
    input: ../GCF_030445035.2/extracted.txt
    output: ../GCF_030445035.2/index_complete.txt
    jobid: 1
    reason: Missing output files: ../GCF_030445035.2/index_complete.txt; Input files updated by another job: ../GCF_030445035.2/extracted.txt
    resources: tmpdir=/tmp

[Wed Jun 11 18:29:20 2025]
Error in rule bowtie2_index:
    jobid: 1
    input: ../GCF_030445035.2/extracted.txt
    output: ../GCF_030445035.2/index_complete.txt
    shell:
        bash scripts/index_bowtie2.sh ../GCF_030445035.2 ../GCF_030445035.2/index_complete.txt
        (one of the commands exited with non-zero exit code; note that snakemake uses bash strict mode!)

Shutting down, this might take some time.
Exiting because a job execution failed. Look above for error message
Complete log: .snakemake/log/2025-06-11T182543.462704.snakemake.log
WorkflowError:
At least one job did not complete successfully.
